Построение начато 09.12.2017 17:22:40.
     1>Проект "D:\university\cppProjects\lb_6\ex_1-7\ex_1-7\ex_1-7.vcxproj" в узле 2 (целевые объекты build).
     1>InitializeBuildStatus:
         Создание "Debug\ex_1-7.unsuccessfulbuild", так как было задано "AlwaysCreate".
       ClCompile:
         Для всех выходных данных обновления не требуется.
         C:\Program Files (x86)\Microsoft Visual Studio 10.0\VC\bin\CL.exe /c /ZI /nologo /W3 /WX- /Od /Oy- /D WIN32 /D _DEBUG /D _CONSOLE /D _UNICODE /D UNICODE /Gm /EHsc /RTC1 /MDd /GS /fp:precise /Zc:wchar_t /Zc:forScope /Yu"StdAfx.h" /Fp"Debug\ex_1-7.pch" /Fo"Debug\\" /Fd"Debug\vc100.pdb" /Gd /TP /analyze- /errorReport:prompt "ex_1-7.cpp"
         ex_1-7.cpp
     1>d:\university\cppprojects\lb_6\ex_1-7\ex_1-7\ex_1-7.cpp(15): warning C4244: аргумент: преобразование "time_t" в "unsigned int", возможна потеря данных
       ManifestResourceCompile:
         Для всех выходных данных обновления не требуется.
       Link:
         C:\Program Files (x86)\Microsoft Visual Studio 10.0\VC\bin\link.exe /ERRORREPORT:PROMPT /OUT:"D:\university\cppProjects\lb_6\ex_1-7\Debug\ex_1-7.exe" /INCREMENTAL /NOLOGO kernel32.lib user32.lib gdi32.lib winspool.lib comdlg32.lib advapi32.lib shell32.lib ole32.lib oleaut32.lib uuid.lib odbc32.lib odbccp32.lib /MANIFEST /ManifestFile:"Debug\ex_1-7.exe.intermediate.manifest" /MANIFESTUAC:"level='asInvoker' uiAccess='false'" /DEBUG /PDB:"D:\university\cppProjects\lb_6\ex_1-7\Debug\ex_1-7.pdb" /SUBSYSTEM:CONSOLE /TLBID:1 /DYNAMICBASE /NXCOMPAT /IMPLIB:"D:\university\cppProjects\lb_6\ex_1-7\Debug\ex_1-7.lib" /MACHINE:X86 "Debug\ex_1-7.exe.embed.manifest.res"
         "Debug\ex_1-7.obj"
         Debug\stdafx.obj
       Manifest:
         C:\Program Files (x86)\Microsoft SDKs\Windows\v7.0A\bin\mt.exe /nologo /verbose /out:"Debug\ex_1-7.exe.embed.manifest" /manifest "Debug\ex_1-7.exe.intermediate.manifest"
         Для всех выходных данных обновления не требуется.
       LinkEmbedManifest:
         Для всех выходных данных обновления не требуется.
         ex_1-7.vcxproj -> D:\university\cppProjects\lb_6\ex_1-7\Debug\ex_1-7.exe
       FinalizeBuildStatus:
         Файл "Debug\ex_1-7.unsuccessfulbuild" удаляется.
         Обращение к "Debug\ex_1-7.lastbuildstate".
     1>Построение проекта "D:\university\cppProjects\lb_6\ex_1-7\ex_1-7\ex_1-7.vcxproj" завершено (целевые объекты build).

Построение успешно завершено.

Затраченное время: 00:00:01.02
