Построение начато 29.11.2017 8:52:02.
     1>Проект "D:\university\cppProjects\lb_5\ex_3\ex_3\ex_3.vcxproj" в узле 2 (целевые объекты build).
     1>InitializeBuildStatus:
         Создание "Debug\ex_3.unsuccessfulbuild", так как было задано "AlwaysCreate".
       ClCompile:
         Для всех выходных данных обновления не требуется.
         C:\Program Files (x86)\Microsoft Visual Studio 10.0\VC\bin\CL.exe /c /ZI /nologo /W3 /WX- /Od /Oy- /D WIN32 /D _DEBUG /D _CONSOLE /D _UNICODE /D UNICODE /Gm /EHsc /RTC1 /MDd /GS /fp:precise /Zc:wchar_t /Zc:forScope /Yu"StdAfx.h" /Fp"Debug\ex_3.pch" /Fo"Debug\\" /Fd"Debug\vc100.pdb" /Gd /TP /analyze- /errorReport:prompt ex_3.cpp
         ex_3.cpp
     1>d:\university\cppprojects\lb_5\ex_3\ex_3\ex_3.cpp(39): warning C4244: аргумент: преобразование "time_t" в "unsigned int", возможна потеря данных
     1>d:\university\cppprojects\lb_5\ex_3\ex_3\ex_3.cpp(196): warning C4244: +=: преобразование "double" в "int", возможна потеря данных
     1>d:\university\cppprojects\lb_5\ex_3\ex_3\ex_3.cpp(41): warning C4101: j: неиспользованная локальная переменная
       ManifestResourceCompile:
         Для всех выходных данных обновления не требуется.
       Link:
         C:\Program Files (x86)\Microsoft Visual Studio 10.0\VC\bin\link.exe /ERRORREPORT:PROMPT /OUT:"D:\university\cppProjects\lb_5\ex_3\Debug\ex_3.exe" /INCREMENTAL /NOLOGO kernel32.lib user32.lib gdi32.lib winspool.lib comdlg32.lib advapi32.lib shell32.lib ole32.lib oleaut32.lib uuid.lib odbc32.lib odbccp32.lib /MANIFEST /ManifestFile:"Debug\ex_3.exe.intermediate.manifest" /MANIFESTUAC:"level='asInvoker' uiAccess='false'" /DEBUG /PDB:"D:\university\cppProjects\lb_5\ex_3\Debug\ex_3.pdb" /SUBSYSTEM:CONSOLE /TLBID:1 /DYNAMICBASE /NXCOMPAT /IMPLIB:"D:\university\cppProjects\lb_5\ex_3\Debug\ex_3.lib" /MACHINE:X86 Debug\ex_3.exe.embed.manifest.res
         Debug\ex_3.obj
         Debug\stdafx.obj
       Manifest:
         C:\Program Files (x86)\Microsoft SDKs\Windows\v7.0A\bin\mt.exe /nologo /verbose /out:"Debug\ex_3.exe.embed.manifest" /manifest Debug\ex_3.exe.intermediate.manifest
         Для всех выходных данных обновления не требуется.
       LinkEmbedManifest:
         Для всех выходных данных обновления не требуется.
         ex_3.vcxproj -> D:\university\cppProjects\lb_5\ex_3\Debug\ex_3.exe
       FinalizeBuildStatus:
         Файл "Debug\ex_3.unsuccessfulbuild" удаляется.
         Обращение к "Debug\ex_3.lastbuildstate".
     1>Построение проекта "D:\university\cppProjects\lb_5\ex_3\ex_3\ex_3.vcxproj" завершено (целевые объекты build).

Построение успешно завершено.

Затраченное время: 00:00:01.44
